<?xml version="1.0" encoding="UTF-8" ?>
<testsuite tests="4" failures="0" name="RunCukesTest" time="1.015" errors="2" skipped="0">
  <properties>
[...]
</properties>
  <testcase classname="Scenario: " name="Given a board like this:" time="0"/>
  <testcase classname="Scenario: " name="When player x plays in row 2\u002C column 1" time="0"/>
  <testcase classname="Scenario: " name="Then the board should look like this:" time="0">
    <error message="Tables were not identical:
      |   | 1 | 2 | 3 |
      | 1 |   |   |   |
    - | 2 | x |   |   |
    + | 2 |   |   |   |
      | 3 |   |   |   |
" type="cucumber.runtime.table.TableDiffException">cucumber.runtime.table.TableDiffException: Tables were not identical:
      |   | 1 | 2 | 3 |
      | 1 |   |   |   |
    - | 2 | x |   |   |
    + | 2 |   |   |   |
      | 3 |   |   |   |

	at cucumber.runtime.table.TableDiffer.calculateDiffs(TableDiffer.java:38)
	at cucumber.api.DataTable.diff(DataTable.java:178)
	at cucumber.api.DataTable.diff(DataTable.java:168)
	at tic_tac_toe.BoardSteps.theBoardShouldLookLikeThis(BoardSteps.java:24)
	at ✽.Then the board should look like this:(tic_tac_toe.feature:10)
</error>
  </testcase>
  <testcase classname="Scenario: " name="Scenario: " time="0">
    <error message="Tables were not identical:
      |   | 1 | 2 | 3 |
      | 1 |   |   |   |
    - | 2 | x |   |   |
    + | 2 |   |   |   |
      | 3 |   |   |   |
" type="cucumber.runtime.table.TableDiffException">cucumber.runtime.table.TableDiffException: Tables were not identical:
      |   | 1 | 2 | 3 |
      | 1 |   |   |   |
    - | 2 | x |   |   |
    + | 2 |   |   |   |
      | 3 |   |   |   |

	at cucumber.runtime.table.TableDiffer.calculateDiffs(TableDiffer.java:38)
	at cucumber.api.DataTable.diff(DataTable.java:178)
	at cucumber.api.DataTable.diff(DataTable.java:168)
	at tic_tac_toe.BoardSteps.theBoardShouldLookLikeThis(BoardSteps.java:24)
	at ✽.Then the board should look like this:(tic_tac_toe.feature:10)
</error>
  </testcase>
</testsuite>